<?xml version="1.0" encoding="UTF-8"?>
<!-- Generated by org.testng.reporters.JUnitReportReporter -->
<testsuite skipped="0" hostname="LAPTOP-6TA1GC3K" name="com.demoblaze.testcases.ProductInfoPageTest" tests="3" failures="0" timestamp="2022-05-05T21:09:35 IST" time="11.955" errors="0">
  <testcase name="selectPhone" time="4.120" classname="com.demoblaze.testcases.ProductInfoPageTest"/>
  <system-out/>
  <testcase name="selectLappy" time="4.222" classname="com.demoblaze.testcases.ProductInfoPageTest"/>
  <system-out/>
  <testcase name="selectMonitor" time="3.613" classname="com.demoblaze.testcases.ProductInfoPageTest"/>
  <system-out/>
</testsuite> <!-- com.demoblaze.testcases.ProductInfoPageTest -->
