<?xml version="1.0" encoding="UTF-8"?>
<!-- Generated by org.testng.reporters.JUnitReportReporter -->
<testsuite skipped="0" hostname="LAPTOP-6TA1GC3K" name="com.demoblaze.testcases.LoginPageTest" tests="3" failures="0" timestamp="2022-05-05T21:09:35 IST" time="16.212" errors="0">
  <testcase name="loginTest" time="4.725" classname="com.demoblaze.testcases.LoginPageTest"/>
  <system-out/>
  <testcase name="loginTest" time="5.612" classname="com.demoblaze.testcases.LoginPageTest"/>
  <system-out/>
  <testcase name="loginTest" time="5.875" classname="com.demoblaze.testcases.LoginPageTest"/>
  <system-out/>
</testsuite> <!-- com.demoblaze.testcases.LoginPageTest -->
