<?xml version="1.0" encoding="UTF-8"?>
<!-- Generated by org.testng.reporters.JUnitReportReporter -->
<testsuite skipped="0" hostname="LAPTOP-6TA1GC3K" name="com.demoblaze.testcases.CartPageTest" tests="3" failures="0" timestamp="2022-05-05T21:09:35 IST" time="18.012" errors="0">
  <testcase name="goToCart" time="7.783" classname="com.demoblaze.testcases.CartPageTest"/>
  <system-out/>
  <testcase name="validateDeleteItem" time="10.196" classname="com.demoblaze.testcases.CartPageTest"/>
  <system-out/>
  <testcase name="valiadteTotalProductPrice" time="0.033" classname="com.demoblaze.testcases.CartPageTest"/>
  <system-out/>
</testsuite> <!-- com.demoblaze.testcases.CartPageTest -->
