<?xml version="1.0" encoding="UTF-8"?>
<!-- Generated by org.testng.reporters.JUnitReportReporter -->
<testsuite skipped="0" hostname="LAPTOP-6TA1GC3K" name="com.demoblaze.testcases.SignUpPageTest" tests="1" failures="0" timestamp="2022-05-05T21:09:35 IST" time="1.545" errors="0">
  <testcase name="registerUser" time="1.545" classname="com.demoblaze.testcases.SignUpPageTest"/>
  <system-out/>
</testsuite> <!-- com.demoblaze.testcases.SignUpPageTest -->
