<?xml version="1.0" encoding="UTF-8"?>
<!-- Generated by org.testng.reporters.JUnitReportReporter -->
<testsuite hostname="SanPC" failures="0" tests="3" name="com.demoblaze.testcases.CartPageTest" time="11.018" errors="0" timestamp="2024-02-29T22:46:26 IST" skipped="0">
  <testcase classname="com.demoblaze.testcases.CartPageTest" name="goToCart" time="5.778"/>
  <testcase classname="com.demoblaze.testcases.CartPageTest" name="validateDeleteItem" time="5.140"/>
  <testcase classname="com.demoblaze.testcases.CartPageTest" name="valiadteTotalProductPrice" time="0.100"/>
</testsuite> <!-- com.demoblaze.testcases.CartPageTest -->
