<?xml version="1.0" encoding="UTF-8"?>
<!-- Generated by org.testng.reporters.JUnitReportReporter -->
<testsuite hostname="SanPC" failures="0" tests="1" name="com.demoblaze.testcases.SignUpPageTest" time="1.549" errors="0" timestamp="2024-02-29T22:46:26 IST" skipped="0">
  <testcase classname="com.demoblaze.testcases.SignUpPageTest" name="registerUser" time="1.549"/>
</testsuite> <!-- com.demoblaze.testcases.SignUpPageTest -->
