<?xml version="1.0" encoding="UTF-8"?>
<!-- Generated by org.testng.reporters.JUnitReportReporter -->
<testsuite hostname="SanPC" failures="0" tests="3" name="com.demoblaze.testcases.ProductInfoPageTest" time="12.773" errors="0" timestamp="2024-02-29T22:46:26 IST" skipped="0">
  <testcase classname="com.demoblaze.testcases.ProductInfoPageTest" name="selectPhone" time="4.268"/>
  <testcase classname="com.demoblaze.testcases.ProductInfoPageTest" name="selectMonitor" time="3.869"/>
  <testcase classname="com.demoblaze.testcases.ProductInfoPageTest" name="selectLappy" time="4.636"/>
</testsuite> <!-- com.demoblaze.testcases.ProductInfoPageTest -->
