<?xml version="1.0" encoding="UTF-8"?>
<!-- Generated by org.testng.reporters.JUnitReportReporter -->
<testsuite hostname="SanPC" failures="0" tests="2" name="com.demoblaze.testcases.PaymentInfoPageTest" time="1.193" errors="0" timestamp="2024-02-29T22:46:26 IST" skipped="0">
  <testcase classname="com.demoblaze.testcases.PaymentInfoPageTest" name="verifyPurchaseWithoutInfo" time="0.518"/>
  <testcase classname="com.demoblaze.testcases.PaymentInfoPageTest" name="verifyPurchaseWithInfo" time="0.675"/>
</testsuite> <!-- com.demoblaze.testcases.PaymentInfoPageTest -->
