<?xml version="1.0" encoding="UTF-8"?>
<!-- Generated by org.testng.reporters.JUnitReportReporter -->
<testsuite hostname="SanPC" failures="0" tests="3" name="com.demoblaze.testcases.LoginPageTest" time="15.595" errors="0" timestamp="2024-02-29T22:46:26 IST" skipped="0">
  <testcase classname="com.demoblaze.testcases.LoginPageTest" name="loginTest" time="5.715"/>
  <testcase classname="com.demoblaze.testcases.LoginPageTest" name="loginTest" time="5.044"/>
  <testcase classname="com.demoblaze.testcases.LoginPageTest" name="loginTest" time="4.836"/>
</testsuite> <!-- com.demoblaze.testcases.LoginPageTest -->
