<?xml version="1.0" encoding="UTF-8"?>
<!-- Generated by org.testng.reporters.JUnitReportReporter -->
<testsuite hostname="LIN51011959" failures="0" tests="1" name="com.demoblaze.util.TestUtil" time="0.707" errors="0" timestamp="2022-04-28T01:46:04 IST" skipped="0">
  <testcase classname="com.demoblaze.util.TestUtil" name="getDataFromXL" time="0.707"/>
  <system-out/>
</testsuite> <!-- com.demoblaze.util.TestUtil -->
